<?xml version="1.0" encoding="UTF-8"?>
<!-- Generated by org.testng.reporters.JUnitReportReporter -->
<testsuite skipped="0" hostname="DESKTOP-QDSHNUV" name="test.MainPageTest" tests="1" failures="0" timestamp="2020-03-01T16:22:49 CST" time="12.483" errors="0">
  <testcase name="fileUploadTest" time="12.483" classname="test.MainPageTest"/>
</testsuite> <!-- test.MainPageTest -->
