<?xml version="1.0" encoding="UTF-8"?>
<!-- Generated by org.testng.reporters.JUnitReportReporter -->
<testsuite skipped="0" hostname="DESKTOP-QDSHNUV" name="test.RequestTest" tests="1" failures="0" timestamp="2020-03-01T17:40:53 CST" time="1.164" errors="0">
  <testcase name="validateNewUSerCreated" time="1.164" classname="test.RequestTest"/>
</testsuite> <!-- test.RequestTest -->
